[debug] [2020-12-01T09:17:15.660Z] ----------------------------------------------------------------------
[debug] [2020-12-01T09:17:15.663Z] Command:       C:\Program Files\nodejs\node.exe C:\Users\user\AppData\Roaming\npm\node_modules\firebase-tools\lib\bin\firebase.js deploy
[debug] [2020-12-01T09:17:15.663Z] CLI Version:   8.16.2
[debug] [2020-12-01T09:17:15.664Z] Platform:      win32
[debug] [2020-12-01T09:17:15.664Z] Node Version:  v12.18.3
[debug] [2020-12-01T09:17:15.665Z] Time:          Tue Dec 01 2020 15:17:15 GMT+0600 (Bangladesh Standard Time)
[debug] [2020-12-01T09:17:15.665Z] ----------------------------------------------------------------------
[debug] [2020-12-01T09:17:15.665Z] 
[debug] [2020-12-01T09:17:15.669Z] >>> [apiv2][query] GET https://firebase-public.firebaseio.com/cli.json [none]
[debug] [2020-12-01T09:17:15.700Z] > command requires scopes: ["email","openid","https://www.googleapis.com/auth/cloudplatformprojects.readonly","https://www.googleapis.com/auth/firebase","https://www.googleapis.com/auth/cloud-platform"]
[debug] [2020-12-01T09:17:15.701Z] > authorizing via signed-in user
[debug] [2020-12-01T09:17:15.701Z] [iam] checking project creative-agency-101 for permissions ["firebase.projects.get","firebasehosting.sites.update"]
[debug] [2020-12-01T09:17:15.704Z] > refreshing access token with scopes: ["email","https://www.googleapis.com/auth/cloud-platform","https://www.googleapis.com/auth/cloudplatformprojects.readonly","https://www.googleapis.com/auth/firebase","openid"]
[debug] [2020-12-01T09:17:15.704Z] >>> HTTP REQUEST POST https://www.googleapis.com/oauth2/v3/token  
 <request body omitted>
[debug] [2020-12-01T09:17:15.992Z] <<< HTTP RESPONSE 200 {"cache-control":"no-cache, no-store, max-age=0, must-revalidate","expires":"Mon, 01 Jan 1990 00:00:00 GMT","date":"Tue, 01 Dec 2020 09:17:17 GMT","pragma":"no-cache","content-type":"application/json; charset=utf-8","vary":"X-Origin, Referer, Origin,Accept-Encoding","server":"scaffolding on HTTPServer2","x-xss-protection":"0","x-frame-options":"SAMEORIGIN","x-content-type-options":"nosniff","alt-svc":"h3-29=\":443\"; ma=2592000,h3-T051=\":443\"; ma=2592000,h3-Q050=\":443\"; ma=2592000,h3-Q046=\":443\"; ma=2592000,h3-Q043=\":443\"; ma=2592000,quic=\":443\"; ma=2592000; v=\"46,43\"","accept-ranges":"none","transfer-encoding":"chunked"}
[debug] [2020-12-01T09:17:16.004Z] >>> HTTP REQUEST POST https://cloudresourcemanager.googleapis.com/v1/projects/creative-agency-101:testIamPermissions  
 {"permissions":["firebase.projects.get","firebasehosting.sites.update"]}
[debug] [2020-12-01T09:17:16.607Z] <<< [apiv2][status] GET https://firebase-public.firebaseio.com/cli.json 200
[debug] [2020-12-01T09:17:16.607Z] <<< [apiv2][body] GET https://firebase-public.firebaseio.com/cli.json {"cloudBuildErrorAfter":1594252800000,"cloudBuildWarnAfter":1590019200000,"defaultNode10After":1594252800000,"minVersion":"3.0.5","node8DeploysDisabledAfter":1613390400000,"node8RuntimeDisabledAfter":1615809600000,"node8WarnAfter":1600128000000}
[debug] [2020-12-01T09:17:17.378Z] <<< HTTP RESPONSE 200 {"content-type":"application/json; charset=UTF-8","vary":"X-Origin, Referer, Origin,Accept-Encoding","date":"Tue, 01 Dec 2020 09:17:18 GMT","server":"ESF","cache-control":"private","x-xss-protection":"0","x-frame-options":"SAMEORIGIN","x-content-type-options":"nosniff","server-timing":"gfet4t7; dur=1126","alt-svc":"h3-29=\":443\"; ma=2592000,h3-T051=\":443\"; ma=2592000,h3-Q050=\":443\"; ma=2592000,h3-Q046=\":443\"; ma=2592000,h3-Q043=\":443\"; ma=2592000,quic=\":443\"; ma=2592000; v=\"46,43\"","accept-ranges":"none","transfer-encoding":"chunked"}
[debug] [2020-12-01T09:17:17.382Z] >>> HTTP REQUEST GET https://firebase.googleapis.com/v1beta1/projects/creative-agency-101  
 
[debug] [2020-12-01T09:17:17.811Z] <<< HTTP RESPONSE 200 {"content-type":"application/json; charset=UTF-8","vary":"X-Origin, Referer, Origin,Accept-Encoding","date":"Tue, 01 Dec 2020 09:17:19 GMT","server":"ESF","cache-control":"private","x-xss-protection":"0","x-frame-options":"SAMEORIGIN","x-content-type-options":"nosniff","alt-svc":"h3-29=\":443\"; ma=2592000,h3-T051=\":443\"; ma=2592000,h3-Q050=\":443\"; ma=2592000,h3-Q046=\":443\"; ma=2592000,h3-Q043=\":443\"; ma=2592000,quic=\":443\"; ma=2592000; v=\"46,43\"","accept-ranges":"none","transfer-encoding":"chunked"}
[info] 
[info] === Deploying to 'creative-agency-101'...
[info] 
[info] i  deploying hosting 
[debug] [2020-12-01T09:17:17.846Z] >>> HTTP REQUEST POST https://firebasehosting.googleapis.com/v1beta1/sites/creative-agency-101/versions  
 {"config":{"rewrites":[{"glob":"**","path":"/index.html"}]},"labels":{"deployment-tool":"cli-firebase"}}
[debug] [2020-12-01T09:17:19.884Z] <<< HTTP RESPONSE 200 {"content-type":"application/json; charset=UTF-8","vary":"X-Origin, Referer, Origin,Accept-Encoding","date":"Tue, 01 Dec 2020 09:17:21 GMT","server":"ESF","cache-control":"private","x-xss-protection":"0","x-frame-options":"SAMEORIGIN","x-content-type-options":"nosniff","alt-svc":"h3-29=\":443\"; ma=2592000,h3-T051=\":443\"; ma=2592000,h3-Q050=\":443\"; ma=2592000,h3-Q046=\":443\"; ma=2592000,h3-Q043=\":443\"; ma=2592000,quic=\":443\"; ma=2592000; v=\"46,43\"","accept-ranges":"none","transfer-encoding":"chunked"}
[info] i  hosting[creative-agency-101]: beginning deploy... 
[info] i  hosting[creative-agency-101]: found 30 files in build 
[debug] [2020-12-01T09:17:20.365Z] [hosting] hash cache [YnVpbGQ] stored for 30 files
[debug] [2020-12-01T09:17:20.365Z] [hosting][hash queue][FINAL] {"max":421,"min":12,"avg":64.1,"active":0,"complete":30,"success":30,"errored":0,"retried":0,"total":30,"elapsed":431}
[debug] [2020-12-01T09:17:20.366Z] >>> HTTP REQUEST POST https://firebasehosting.googleapis.com/v1beta1/sites/creative-agency-101/versions/4f600965f9cae298:populateFiles  
 <request body omitted>
[debug] [2020-12-01T09:17:22.148Z] <<< HTTP RESPONSE 200 {"content-type":"application/json; charset=UTF-8","vary":"X-Origin, Referer, Origin,Accept-Encoding","date":"Tue, 01 Dec 2020 09:17:23 GMT","server":"ESF","cache-control":"private","x-xss-protection":"0","x-frame-options":"SAMEORIGIN","x-content-type-options":"nosniff","alt-svc":"h3-29=\":443\"; ma=2592000,h3-T051=\":443\"; ma=2592000,h3-Q050=\":443\"; ma=2592000,h3-Q046=\":443\"; ma=2592000,h3-Q043=\":443\"; ma=2592000,quic=\":443\"; ma=2592000; v=\"46,43\"","accept-ranges":"none","transfer-encoding":"chunked"}
[debug] [2020-12-01T09:17:22.168Z] [hosting][populate queue][FINAL] {"max":1787,"min":1787,"avg":1787,"active":0,"complete":1,"success":1,"errored":0,"retried":0,"total":1,"elapsed":1804}
[debug] [2020-12-01T09:17:22.168Z] [hosting] uploads queued: 12
[debug] [2020-12-01T09:17:25.099Z] [hosting][upload queue][FINAL] {"max":2949,"min":1902,"avg":2061.5833333333335,"active":0,"complete":12,"success":12,"errored":0,"retried":0,"total":12,"elapsed":2950}
[info] +  hosting[creative-agency-101]: file upload complete 
[debug] [2020-12-01T09:17:25.101Z] [hosting] deploy completed after 5214ms
[debug] [2020-12-01T09:17:25.350Z] [
  {
    "config": {
      "public": "build",
      "ignore": [
        "firebase.json",
        "**/.*",
        "**/node_modules/**"
      ],
      "rewrites": [
        {
          "source": "**",
          "destination": "/index.html"
        }
      ],
      "site": "creative-agency-101"
    },
    "site": "creative-agency-101",
    "version": "sites/creative-agency-101/versions/4f600965f9cae298"
  }
]
[info] i  hosting[creative-agency-101]: finalizing version... 
[debug] [2020-12-01T09:17:25.353Z] >>> HTTP REQUEST PATCH https://firebasehosting.googleapis.com/v1beta1/sites/creative-agency-101/versions/4f600965f9cae298?updateMask=status  
 {"status":"FINALIZED"}
[debug] [2020-12-01T09:17:27.038Z] <<< HTTP RESPONSE 200 {"content-type":"application/json; charset=UTF-8","vary":"X-Origin, Referer, Origin,Accept-Encoding","date":"Tue, 01 Dec 2020 09:17:28 GMT","server":"ESF","cache-control":"private","x-xss-protection":"0","x-frame-options":"SAMEORIGIN","x-content-type-options":"nosniff","alt-svc":"h3-29=\":443\"; ma=2592000,h3-T051=\":443\"; ma=2592000,h3-Q050=\":443\"; ma=2592000,h3-Q046=\":443\"; ma=2592000,h3-Q043=\":443\"; ma=2592000,quic=\":443\"; ma=2592000; v=\"46,43\"","accept-ranges":"none","transfer-encoding":"chunked"}
[debug] [2020-12-01T09:17:27.038Z] [hosting] finalized version for creative-agency-101: {"name":"sites/creative-agency-101/versions/4f600965f9cae298","status":"FINALIZED","config":{"rewrites":[{"glob":"**","path":"/index.html"}]},"labels":{"deployment-tool":"cli-firebase"},"createTime":"2020-12-01T09:17:20.681627Z","createUser":{"email":"riad89.diu@gmail.com"},"finalizeTime":"2020-12-01T09:17:28.156213Z","finalizeUser":{"email":"riad89.diu@gmail.com"}}
[info] +  hosting[creative-agency-101]: version finalized 
[info] i  hosting[creative-agency-101]: releasing new version... 
[debug] [2020-12-01T09:17:27.041Z] >>> HTTP REQUEST POST https://firebasehosting.googleapis.com/v1beta1/sites/creative-agency-101/releases?version_name=sites/creative-agency-101/versions/4f600965f9cae298  
 {"message":null}
[debug] [2020-12-01T09:17:28.718Z] <<< HTTP RESPONSE 200 {"content-type":"application/json; charset=UTF-8","vary":"X-Origin, Referer, Origin,Accept-Encoding","date":"Tue, 01 Dec 2020 09:17:29 GMT","server":"ESF","cache-control":"private","x-xss-protection":"0","x-frame-options":"SAMEORIGIN","x-content-type-options":"nosniff","alt-svc":"h3-29=\":443\"; ma=2592000,h3-T051=\":443\"; ma=2592000,h3-Q050=\":443\"; ma=2592000,h3-Q046=\":443\"; ma=2592000,h3-Q043=\":443\"; ma=2592000,quic=\":443\"; ma=2592000; v=\"46,43\"","accept-ranges":"none","transfer-encoding":"chunked"}
[debug] [2020-12-01T09:17:28.718Z] [hosting] release: {"name":"sites/creative-agency-101/releases/1606814249215795","version":{"name":"sites/creative-agency-101/versions/4f600965f9cae298","status":"FINALIZED","config":{"rewrites":[{"glob":"**","path":"/index.html"}]},"labels":{"deployment-tool":"cli-firebase"},"createTime":"2020-12-01T09:17:20.681627Z","createUser":{"email":"riad89.diu@gmail.com"},"finalizeTime":"2020-12-01T09:17:28.156213Z","finalizeUser":{"email":"riad89.diu@gmail.com"},"preview":{}},"type":"DEPLOY","releaseTime":"2020-12-01T09:17:29.215795498Z","releaseUser":{"email":"riad89.diu@gmail.com"}}
[info] +  hosting[creative-agency-101]: release complete 
[info] 
[info] +  Deploy complete! 
[info] 
[info] Project Console: https://console.firebase.google.com/project/creative-agency-101/overview
[info] Hosting URL: https://creative-agency-101.web.app
